INFO [2019-09-22 18:23:55] $x
INFO [2019-09-22 18:23:55] list(set1, set2, set3)
INFO [2019-09-22 18:23:55] 
INFO [2019-09-22 18:23:55] $category.names
INFO [2019-09-22 18:23:55] c("Specialist", "General Public ", "Stakeholder")
INFO [2019-09-22 18:23:55] 
INFO [2019-09-22 18:23:55] $filename
INFO [2019-09-22 18:23:55] [1] "./img/venn_diagramm.png"
INFO [2019-09-22 18:23:55] 
INFO [2019-09-22 18:23:55] $output
INFO [2019-09-22 18:23:55] [1] TRUE
INFO [2019-09-22 18:23:55] 
INFO [2019-09-22 18:23:55] $imagetype
INFO [2019-09-22 18:23:55] [1] "png"
INFO [2019-09-22 18:23:55] 
INFO [2019-09-22 18:23:55] $height
INFO [2019-09-22 18:23:55] [1] 480
INFO [2019-09-22 18:23:55] 
INFO [2019-09-22 18:23:55] $width
INFO [2019-09-22 18:23:55] [1] 480
INFO [2019-09-22 18:23:55] 
INFO [2019-09-22 18:23:55] $resolution
INFO [2019-09-22 18:23:55] [1] 300
INFO [2019-09-22 18:23:55] 
INFO [2019-09-22 18:23:55] $compression
INFO [2019-09-22 18:23:55] [1] "lzw"
INFO [2019-09-22 18:23:55] 
INFO [2019-09-22 18:23:55] $lwd
INFO [2019-09-22 18:23:55] [1] 2
INFO [2019-09-22 18:23:55] 
INFO [2019-09-22 18:23:55] $lty
INFO [2019-09-22 18:23:55] [1] "blank"
INFO [2019-09-22 18:23:55] 
INFO [2019-09-22 18:23:55] $fill
INFO [2019-09-22 18:23:55] vennCol
INFO [2019-09-22 18:23:55] 
INFO [2019-09-22 18:23:55] $cex
INFO [2019-09-22 18:23:55] [1] 0.6
INFO [2019-09-22 18:23:55] 
INFO [2019-09-22 18:23:55] $fontface
INFO [2019-09-22 18:23:55] [1] "bold"
INFO [2019-09-22 18:23:55] 
INFO [2019-09-22 18:23:55] $fontfamily
INFO [2019-09-22 18:23:55] [1] "sans"
INFO [2019-09-22 18:23:55] 
INFO [2019-09-22 18:23:55] $color
INFO [2019-09-22 18:23:55] [1] NA
INFO [2019-09-22 18:23:55] 
INFO [2019-09-22 18:23:55] $cat.cex
INFO [2019-09-22 18:23:55] [1] 0.6
INFO [2019-09-22 18:23:55] 
INFO [2019-09-22 18:23:55] $cat.fontface
INFO [2019-09-22 18:23:55] [1] "bold"
INFO [2019-09-22 18:23:55] 
INFO [2019-09-22 18:23:55] $cat.default.pos
INFO [2019-09-22 18:23:55] [1] "outer"
INFO [2019-09-22 18:23:55] 
INFO [2019-09-22 18:23:55] $cat.pos
INFO [2019-09-22 18:23:55] c(-27, 27, 135)
INFO [2019-09-22 18:23:55] 
INFO [2019-09-22 18:23:55] $cat.dist
INFO [2019-09-22 18:23:55] c(0.055, 0.055, 0.085)
INFO [2019-09-22 18:23:55] 
INFO [2019-09-22 18:23:55] $cat.fontfamily
INFO [2019-09-22 18:23:55] [1] "sans"
INFO [2019-09-22 18:23:55] 
INFO [2019-09-22 18:23:55] $rotation
INFO [2019-09-22 18:23:55] [1] 1
INFO [2019-09-22 18:23:55] 
