INFO [2019-09-22 18:22:10] $x
INFO [2019-09-22 18:22:10] list(set1, set2, set3)
INFO [2019-09-22 18:22:10] 
INFO [2019-09-22 18:22:10] $category.names
INFO [2019-09-22 18:22:10] c("Specialist", "General Public ", "Stakeholder")
INFO [2019-09-22 18:22:10] 
INFO [2019-09-22 18:22:10] $filename
INFO [2019-09-22 18:22:10] [1] "./img/venn_diagramm.png"
INFO [2019-09-22 18:22:10] 
INFO [2019-09-22 18:22:10] $output
INFO [2019-09-22 18:22:10] [1] TRUE
INFO [2019-09-22 18:22:10] 
INFO [2019-09-22 18:22:10] $imagetype
INFO [2019-09-22 18:22:10] [1] "png"
INFO [2019-09-22 18:22:10] 
INFO [2019-09-22 18:22:10] $height
INFO [2019-09-22 18:22:10] [1] 480
INFO [2019-09-22 18:22:10] 
INFO [2019-09-22 18:22:10] $width
INFO [2019-09-22 18:22:10] [1] 480
INFO [2019-09-22 18:22:10] 
INFO [2019-09-22 18:22:10] $resolution
INFO [2019-09-22 18:22:10] [1] 300
INFO [2019-09-22 18:22:10] 
INFO [2019-09-22 18:22:10] $compression
INFO [2019-09-22 18:22:10] [1] "lzw"
INFO [2019-09-22 18:22:10] 
INFO [2019-09-22 18:22:10] $lwd
INFO [2019-09-22 18:22:10] [1] 2
INFO [2019-09-22 18:22:10] 
INFO [2019-09-22 18:22:10] $lty
INFO [2019-09-22 18:22:10] [1] "blank"
INFO [2019-09-22 18:22:10] 
INFO [2019-09-22 18:22:10] $fill
INFO [2019-09-22 18:22:10] myCol
INFO [2019-09-22 18:22:10] 
INFO [2019-09-22 18:22:10] $cex
INFO [2019-09-22 18:22:10] [1] 0.6
INFO [2019-09-22 18:22:10] 
INFO [2019-09-22 18:22:10] $fontface
INFO [2019-09-22 18:22:10] [1] "bold"
INFO [2019-09-22 18:22:10] 
INFO [2019-09-22 18:22:10] $fontfamily
INFO [2019-09-22 18:22:10] [1] "sans"
INFO [2019-09-22 18:22:10] 
INFO [2019-09-22 18:22:10] $cat.cex
INFO [2019-09-22 18:22:10] [1] 0.6
INFO [2019-09-22 18:22:10] 
INFO [2019-09-22 18:22:10] $cat.fontface
INFO [2019-09-22 18:22:10] [1] "bold"
INFO [2019-09-22 18:22:10] 
INFO [2019-09-22 18:22:10] $cat.default.pos
INFO [2019-09-22 18:22:10] [1] "outer"
INFO [2019-09-22 18:22:10] 
INFO [2019-09-22 18:22:10] $cat.pos
INFO [2019-09-22 18:22:10] c(-27, 27, 135)
INFO [2019-09-22 18:22:10] 
INFO [2019-09-22 18:22:10] $cat.dist
INFO [2019-09-22 18:22:10] c(0.055, 0.055, 0.085)
INFO [2019-09-22 18:22:10] 
INFO [2019-09-22 18:22:10] $cat.fontfamily
INFO [2019-09-22 18:22:10] [1] "sans"
INFO [2019-09-22 18:22:10] 
INFO [2019-09-22 18:22:10] $rotation
INFO [2019-09-22 18:22:10] [1] 1
INFO [2019-09-22 18:22:10] 
