INFO [2019-09-22 18:22:24] $x
INFO [2019-09-22 18:22:24] list(set1, set2, set3)
INFO [2019-09-22 18:22:24] 
INFO [2019-09-22 18:22:24] $category.names
INFO [2019-09-22 18:22:24] c("Specialist", "General Public ", "Stakeholder")
INFO [2019-09-22 18:22:24] 
INFO [2019-09-22 18:22:24] $filename
INFO [2019-09-22 18:22:24] [1] "./img/venn_diagramm.png"
INFO [2019-09-22 18:22:24] 
INFO [2019-09-22 18:22:24] $output
INFO [2019-09-22 18:22:24] [1] TRUE
INFO [2019-09-22 18:22:24] 
INFO [2019-09-22 18:22:24] $imagetype
INFO [2019-09-22 18:22:24] [1] "png"
INFO [2019-09-22 18:22:24] 
INFO [2019-09-22 18:22:24] $height
INFO [2019-09-22 18:22:24] [1] 480
INFO [2019-09-22 18:22:24] 
INFO [2019-09-22 18:22:24] $width
INFO [2019-09-22 18:22:24] [1] 480
INFO [2019-09-22 18:22:24] 
INFO [2019-09-22 18:22:24] $resolution
INFO [2019-09-22 18:22:24] [1] 300
INFO [2019-09-22 18:22:24] 
INFO [2019-09-22 18:22:24] $compression
INFO [2019-09-22 18:22:24] [1] "lzw"
INFO [2019-09-22 18:22:24] 
INFO [2019-09-22 18:22:24] $lwd
INFO [2019-09-22 18:22:24] [1] 2
INFO [2019-09-22 18:22:24] 
INFO [2019-09-22 18:22:24] $lty
INFO [2019-09-22 18:22:24] [1] "blank"
INFO [2019-09-22 18:22:24] 
INFO [2019-09-22 18:22:24] $fill
INFO [2019-09-22 18:22:24] vennCol
INFO [2019-09-22 18:22:24] 
INFO [2019-09-22 18:22:24] $cex
INFO [2019-09-22 18:22:24] [1] 0.6
INFO [2019-09-22 18:22:24] 
INFO [2019-09-22 18:22:24] $fontface
INFO [2019-09-22 18:22:24] [1] "bold"
INFO [2019-09-22 18:22:24] 
INFO [2019-09-22 18:22:24] $fontfamily
INFO [2019-09-22 18:22:24] [1] "sans"
INFO [2019-09-22 18:22:24] 
INFO [2019-09-22 18:22:24] $cat.cex
INFO [2019-09-22 18:22:24] [1] 0.6
INFO [2019-09-22 18:22:24] 
INFO [2019-09-22 18:22:24] $cat.fontface
INFO [2019-09-22 18:22:24] [1] "bold"
INFO [2019-09-22 18:22:24] 
INFO [2019-09-22 18:22:24] $cat.default.pos
INFO [2019-09-22 18:22:24] [1] "outer"
INFO [2019-09-22 18:22:24] 
INFO [2019-09-22 18:22:24] $cat.pos
INFO [2019-09-22 18:22:24] c(-27, 27, 135)
INFO [2019-09-22 18:22:24] 
INFO [2019-09-22 18:22:24] $cat.dist
INFO [2019-09-22 18:22:24] c(0.055, 0.055, 0.085)
INFO [2019-09-22 18:22:24] 
INFO [2019-09-22 18:22:24] $cat.fontfamily
INFO [2019-09-22 18:22:24] [1] "sans"
INFO [2019-09-22 18:22:24] 
INFO [2019-09-22 18:22:24] $rotation
INFO [2019-09-22 18:22:24] [1] 1
INFO [2019-09-22 18:22:24] 
